#
# There is insufficient memory for the Java Runtime Environment to continue.
# Native memory allocation (malloc) failed to allocate 996176 bytes for Chunk::new
# Possible reasons:
#   The system is out of physical RAM or swap space
#   In 32 bit mode, the process size limit was hit
# Possible solutions:
#   Reduce memory load on the system
#   Increase physical memory or swap space
#   Check if swap backing store is full
#   Use 64 bit Java on a 64 bit OS
#   Decrease Java heap size (-Xmx/-Xms)
#   Decrease number of Java threads
#   Decrease Java thread stack sizes (-Xss)
#   Set larger code cache with -XX:ReservedCodeCacheSize=
# This output file may be truncated or incomplete.
#
#  Out of Memory Error (allocation.cpp:388), pid=2584, tid=4568
#
# JRE version: Java(TM) SE Runtime Environment (8.0_05-b13) (build 1.8.0_05-b13)
# Java VM: Java HotSpot(TM) 64-Bit Server VM (25.5-b02 mixed mode windows-amd64 compressed oops)
# Failed to write core dump. Minidumps are not enabled by default on client versions of Windows
#

---------------  T H R E A D  ---------------

Current thread (0x0000000013268800):  JavaThread "C2 CompilerThread0" daemon [_thread_in_native, id=4568, stack(0x0000000013e10000,0x0000000013f10000)]

Stack: [0x0000000013e10000,0x0000000013f10000]
Native frames: (J=compiled Java code, j=interpreted, Vv=VM code, C=native code)
V  [jvm.dll+0x308dea]
V  [jvm.dll+0x25def1]
V  [jvm.dll+0x25eb0f]
V  [jvm.dll+0x2564e5]
V  [jvm.dll+0xbcfc5]
V  [jvm.dll+0xbd45c]
V  [jvm.dll+0x44d422]
V  [jvm.dll+0x48e13f]
V  [jvm.dll+0x44293e]
V  [jvm.dll+0x44366b]
V  [jvm.dll+0x427532]
V  [jvm.dll+0x96702]
V  [jvm.dll+0x96ef3]
V  [jvm.dll+0x2232c4]
V  [jvm.dll+0x27baca]
C  [msvcr100.dll+0x21d9f]
C  [msvcr100.dll+0x21e3b]
C  [KERNEL32.DLL+0x17034]
C  [ntdll.dll+0x52651]


Current CompileTask:
C2: 544554 12397       4       java.awt.EventQueue::postEvent (13 bytes)


---------------  P R O C E S S  ---------------

Java Threads: ( => current thread )
  0x0000000017c4f800 JavaThread "Tcl Isolation Thread" daemon [_thread_blocked, id=15612, stack(0x000000002ba80000,0x000000002bb80000)]
  0x0000000017c4d800 JavaThread "Swing-Shell" daemon [_thread_blocked, id=10668, stack(0x0000000032a50000,0x0000000032b50000)]
  0x00000000184f8800 JavaThread "D3D Screen Updater" daemon [_thread_blocked, id=4584, stack(0x0000000014a70000,0x0000000014b70000)]
  0x0000000018319000 JavaThread "TimerQueue" daemon [_thread_blocked, id=8184, stack(0x0000000029dc0000,0x0000000029ec0000)]
  0x0000000014665000 JavaThread "AWT-EventQueue-0" [_thread_blocked, id=15036, stack(0x0000000019cf0000,0x0000000019df0000)]
  0x0000000015484800 JavaThread "Command Watcher" daemon [_thread_blocked, id=8968, stack(0x0000000017550000,0x0000000017650000)]
  0x000000001549a000 JavaThread "AWT-Windows" daemon [_thread_in_native, id=14896, stack(0x0000000015c50000,0x0000000015d50000)]
  0x0000000015499000 JavaThread "AWT-Shutdown" [_thread_blocked, id=12712, stack(0x0000000015b50000,0x0000000015c50000)]
  0x0000000015498800 JavaThread "Java2D Disposer" daemon [_thread_blocked, id=12028, stack(0x0000000015a50000,0x0000000015b50000)]
  0x00000000132f8000 JavaThread "Service Thread" daemon [_thread_blocked, id=3500, stack(0x0000000014210000,0x0000000014310000)]
  0x0000000013271000 JavaThread "C1 CompilerThread3" daemon [_thread_blocked, id=2096, stack(0x0000000014110000,0x0000000014210000)]
  0x000000001326d000 JavaThread "C2 CompilerThread2" daemon [_thread_blocked, id=16184, stack(0x0000000014010000,0x0000000014110000)]
  0x000000001326b800 JavaThread "C2 CompilerThread1" daemon [_thread_blocked, id=15068, stack(0x0000000013f10000,0x0000000014010000)]
=>0x0000000013268800 JavaThread "C2 CompilerThread0" daemon [_thread_in_native, id=4568, stack(0x0000000013e10000,0x0000000013f10000)]
  0x0000000013265800 JavaThread "Attach Listener" daemon [_thread_blocked, id=11860, stack(0x0000000013d10000,0x0000000013e10000)]
  0x0000000013264800 JavaThread "Signal Dispatcher" daemon [_thread_blocked, id=15676, stack(0x0000000013c10000,0x0000000013d10000)]
  0x0000000002d43800 JavaThread "Finalizer" daemon [_thread_blocked, id=15788, stack(0x00000000136d0000,0x00000000137d0000)]
  0x0000000002d3c000 JavaThread "Reference Handler" daemon [_thread_blocked, id=10344, stack(0x00000000135d0000,0x00000000136d0000)]
  0x0000000002c56800 JavaThread "main" [_thread_blocked, id=10572, stack(0x0000000002e90000,0x0000000002f90000)]

Other Threads:
  0x0000000002d36000 VMThread [stack: 0x0000000013370000,0x0000000013470000] [id=13052]
  0x00000000132fb000 WatcherThread [stack: 0x0000000014310000,0x0000000014410000] [id=4872]

VM state:not at safepoint (normal execution)

VM Mutex/Monitor currently owned by a thread: None

Heap:
 def new generation   total 117504K, used 9259K [0x00000000a2400000, 0x00000000aa370000, 0x00000000c1800000)
  eden space 104512K,   3% used [0x00000000a2400000, 0x00000000a27c9a78, 0x00000000a8a10000)
  from space 12992K,  41% used [0x00000000a8a10000, 0x00000000a8f51518, 0x00000000a96c0000)
  to   space 12992K,   0% used [0x00000000a96c0000, 0x00000000a96c0000, 0x00000000aa370000)
 tenured generation   total 260864K, used 50470K [0x00000000c1800000, 0x00000000d16c0000, 0x0000000100000000)
   the space 260864K,  19% used [0x00000000c1800000, 0x00000000c4949b80, 0x00000000c4949c00, 0x00000000d16c0000)
 Metaspace       used 47870K, capacity 48920K, committed 49260K, reserved 1091584K
  class space    used 6717K, capacity 6930K, committed 7020K, reserved 1048576K

Card table byte_map: [0x0000000012480000,0x0000000012770000] byte_map_base: 0x0000000011f6e000

Polling page: 0x0000000001180000

CodeCache: size=245760Kb used=36863Kb max_used=36877Kb free=208896Kb
 bounds [0x00000000030c0000, 0x0000000005500000, 0x00000000120c0000]
 total_blobs=11249 nmethods=10590 adapters=567
 compilation: enabled

Compilation events (10 events):
Event: 542.837 Thread 0x0000000013268800 nmethod 12392 0x0000000005064050 code [0x0000000005064180, 0x00000000050641d8]
Event: 543.638 Thread 0x0000000013271000 12393       1       java.awt.event.KeyEvent::getKeyCode (5 bytes)
Event: 543.638 Thread 0x0000000013271000 nmethod 12393 0x00000000054e0c10 code [0x00000000054e0d60, 0x00000000054e0e70]
Event: 544.020 Thread 0x000000001326b800 12394       4       javax.swing.text.html.TableView$ColumnIterator::getMaximumSpan (17 bytes)
Event: 544.022 Thread 0x000000001326b800 nmethod 12394 0x00000000054e0850 code [0x00000000054e09a0, 0x00000000054e0a58]
Event: 544.057 Thread 0x000000001326d000 12395       4       java.awt.Rectangle::setBounds (10 bytes)
Event: 544.057 Thread 0x0000000013271000 12396       3       sun.awt.windows.WWindowPeer::getInsets (5 bytes)
Event: 544.057 Thread 0x0000000013271000 nmethod 12396 0x00000000054ef0d0 code [0x00000000054ef220, 0x00000000054ef390]
Event: 544.058 Thread 0x000000001326d000 nmethod 12395 0x0000000004bae390 code [0x0000000004bae4c0, 0x0000000004bae538]
Event: 544.138 Thread 0x0000000013268800 12397       4       java.awt.EventQueue::postEvent (13 bytes)

GC Heap History (10 events):
Event: 179.526 GC heap before
{Heap before GC invocations=153 (full 2):
 def new generation   total 117504K, used 111673K [0x00000000a2400000, 0x00000000aa370000, 0x00000000c1800000)
  eden space 104512K, 100% used [0x00000000a2400000, 0x00000000a8a10000, 0x00000000a8a10000)
  from space 12992K,  55% used [0x00000000a96c0000, 0x00000000a9dbe7a8, 0x00000000aa370000)
  to   space 12992K,   0% used [0x00000000a8a10000, 0x00000000a8a10000, 0x00000000a96c0000)
 tenured generation   total 260864K, used 45497K [0x00000000c1800000, 0x00000000d16c0000, 0x0000000100000000)
   the space 260864K,  17% used [0x00000000c1800000, 0x00000000c446e740, 0x00000000c446e800, 0x00000000d16c0000)
 Metaspace       used 46988K, capacity 48078K, committed 48108K, reserved 1091584K
  class space    used 6687K, capacity 6891K, committed 6892K, reserved 1048576K
Event: 179.540 GC heap after
Heap after GC invocations=154 (full 2):
 def new generation   total 117504K, used 8042K [0x00000000a2400000, 0x00000000aa370000, 0x00000000c1800000)
  eden space 104512K,   0% used [0x00000000a2400000, 0x00000000a2400000, 0x00000000a8a10000)
  from space 12992K,  61% used [0x00000000a8a10000, 0x00000000a91ea938, 0x00000000a96c0000)
  to   space 12992K,   0% used [0x00000000a96c0000, 0x00000000a96c0000, 0x00000000aa370000)
 tenured generation   total 260864K, used 48506K [0x00000000c1800000, 0x00000000d16c0000, 0x0000000100000000)
   the space 260864K,  18% used [0x00000000c1800000, 0x00000000c475e888, 0x00000000c475ea00, 0x00000000d16c0000)
 Metaspace       used 46988K, capacity 48078K, committed 48108K, reserved 1091584K
  class space    used 6687K, capacity 6891K, committed 6892K, reserved 1048576K
}
Event: 196.625 GC heap before
{Heap before GC invocations=154 (full 2):
 def new generation   total 117504K, used 112554K [0x00000000a2400000, 0x00000000aa370000, 0x00000000c1800000)
  eden space 104512K, 100% used [0x00000000a2400000, 0x00000000a8a10000, 0x00000000a8a10000)
  from space 12992K,  61% used [0x00000000a8a10000, 0x00000000a91ea938, 0x00000000a96c0000)
  to   space 12992K,   0% used [0x00000000a96c0000, 0x00000000a96c0000, 0x00000000aa370000)
 tenured generation   total 260864K, used 48506K [0x00000000c1800000, 0x00000000d16c0000, 0x0000000100000000)
   the space 260864K,  18% used [0x00000000c1800000, 0x00000000c475e888, 0x00000000c475ea00, 0x00000000d16c0000)
 Metaspace       used 47518K, capacity 48600K, committed 48748K, reserved 1091584K
  class space    used 6713K, capacity 6930K, committed 7020K, reserved 1048576K
Event: 196.637 GC heap after
Heap after GC invocations=155 (full 2):
 def new generation   total 117504K, used 4735K [0x00000000a2400000, 0x00000000aa370000, 0x00000000c1800000)
  eden space 104512K,   0% used [0x00000000a2400000, 0x00000000a2400000, 0x00000000a8a10000)
  from space 12992K,  36% used [0x00000000a96c0000, 0x00000000a9b5fc70, 0x00000000aa370000)
  to   space 12992K,   0% used [0x00000000a8a10000, 0x00000000a8a10000, 0x00000000a96c0000)
 tenured generation   total 260864K, used 50470K [0x00000000c1800000, 0x00000000d16c0000, 0x0000000100000000)
   the space 260864K,  19% used [0x00000000c1800000, 0x00000000c4949b80, 0x00000000c4949c00, 0x00000000d16c0000)
 Metaspace       used 47518K, capacity 48600K, committed 48748K, reserved 1091584K
  class space    used 6713K, capacity 6930K, committed 7020K, reserved 1048576K
}
Event: 211.737 GC heap before
{Heap before GC invocations=155 (full 2):
 def new generation   total 117504K, used 109247K [0x00000000a2400000, 0x00000000aa370000, 0x00000000c1800000)
  eden space 104512K, 100% used [0x00000000a2400000, 0x00000000a8a10000, 0x00000000a8a10000)
  from space 12992K,  36% used [0x00000000a96c0000, 0x00000000a9b5fc70, 0x00000000aa370000)
  to   space 12992K,   0% used [0x00000000a8a10000, 0x00000000a8a10000, 0x00000000a96c0000)
 tenured generation   total 260864K, used 50470K [0x00000000c1800000, 0x00000000d16c0000, 0x0000000100000000)
   the space 260864K,  19% used [0x00000000c1800000, 0x00000000c4949b80, 0x00000000c4949c00, 0x00000000d16c0000)
 Metaspace       used 47615K, capacity 48664K, committed 49004K, reserved 1091584K
  class space    used 6714K, capacity 6930K, committed 7020K, reserved 1048576K
Event: 211.744 GC heap after
Heap after GC invocations=156 (full 2):
 def new generation   total 117504K, used 4257K [0x00000000a2400000, 0x00000000aa370000, 0x00000000c1800000)
  eden space 104512K,   0% used [0x00000000a2400000, 0x00000000a2400000, 0x00000000a8a10000)
  from space 12992K,  32% used [0x00000000a8a10000, 0x00000000a8e38408, 0x00000000a96c0000)
  to   space 12992K,   0% used [0x00000000a96c0000, 0x00000000a96c0000, 0x00000000aa370000)
 tenured generation   total 260864K, used 50470K [0x00000000c1800000, 0x00000000d16c0000, 0x0000000100000000)
   the space 260864K,  19% used [0x00000000c1800000, 0x00000000c4949b80, 0x00000000c4949c00, 0x00000000d16c0000)
 Metaspace       used 47615K, capacity 48664K, committed 49004K, reserved 1091584K
  class space    used 6714K, capacity 6930K, committed 7020K, reserved 1048576K
}
Event: 250.558 GC heap before
{Heap before GC invocations=156 (full 2):
 def new generation   total 117504K, used 108769K [0x00000000a2400000, 0x00000000aa370000, 0x00000000c1800000)
  eden space 104512K, 100% used [0x00000000a2400000, 0x00000000a8a10000, 0x00000000a8a10000)
  from space 12992K,  32% used [0x00000000a8a10000, 0x00000000a8e38408, 0x00000000a96c0000)
  to   space 12992K,   0% used [0x00000000a96c0000, 0x00000000a96c0000, 0x00000000aa370000)
 tenured generation   total 260864K, used 50470K [0x00000000c1800000, 0x00000000d16c0000, 0x0000000100000000)
   the space 260864K,  19% used [0x00000000c1800000, 0x00000000c4949b80, 0x00000000c4949c00, 0x00000000d16c0000)
 Metaspace       used 47745K, capacity 48792K, committed 49004K, reserved 1091584K
  class space    used 6714K, capacity 6930K, committed 7020K, reserved 1048576K
Event: 250.565 GC heap after
Heap after GC invocations=157 (full 2):
 def new generation   total 117504K, used 4723K [0x00000000a2400000, 0x00000000aa370000, 0x00000000c1800000)
  eden space 104512K,   0% used [0x00000000a2400000, 0x00000000a2400000, 0x00000000a8a10000)
  from space 12992K,  36% used [0x00000000a96c0000, 0x00000000a9b5cf80, 0x00000000aa370000)
  to   space 12992K,   0% used [0x00000000a8a10000, 0x00000000a8a10000, 0x00000000a96c0000)
 tenured generation   total 260864K, used 50470K [0x00000000c1800000, 0x00000000d16c0000, 0x0000000100000000)
   the space 260864K,  19% used [0x00000000c1800000, 0x00000000c4949b80, 0x00000000c4949c00, 0x00000000d16c0000)
 Metaspace       used 47745K, capacity 48792K, committed 49004K, reserved 1091584K
  class space    used 6714K, capacity 6930K, committed 7020K, reserved 1048576K
}
Event: 542.700 GC heap before
{Heap before GC invocations=157 (full 2):
 def new generation   total 117504K, used 109235K [0x00000000a2400000, 0x00000000aa370000, 0x00000000c1800000)
  eden space 104512K, 100% used [0x00000000a2400000, 0x00000000a8a10000, 0x00000000a8a10000)
  from space 12992K,  36% used [0x00000000a96c0000, 0x00000000a9b5cf80, 0x00000000aa370000)
  to   space 12992K,   0% used [0x00000000a8a10000, 0x00000000a8a10000, 0x00000000a96c0000)
 tenured generation   total 260864K, used 50470K [0x00000000c1800000, 0x00000000d16c0000, 0x0000000100000000)
   the space 260864K,  19% used [0x00000000c1800000, 0x00000000c4949b80, 0x00000000c4949c00, 0x00000000d16c0000)
 Metaspace       used 47868K, capacity 48920K, committed 49260K, reserved 1091584K
  class space    used 6717K, capacity 6930K, committed 7020K, reserved 1048576K
Event: 542.756 GC heap after
Heap after GC invocations=158 (full 2):
 def new generation   total 117504K, used 5381K [0x00000000a2400000, 0x00000000aa370000, 0x00000000c1800000)
  eden space 104512K,   0% used [0x00000000a2400000, 0x00000000a2400000, 0x00000000a8a10000)
  from space 12992K,  41% used [0x00000000a8a10000, 0x00000000a8f51518, 0x00000000a96c0000)
  to   space 12992K,   0% used [0x00000000a96c0000, 0x00000000a96c0000, 0x00000000aa370000)
 tenured generation   total 260864K, used 50470K [0x00000000c1800000, 0x00000000d16c0000, 0x0000000100000000)
   the space 260864K,  19% used [0x00000000c1800000, 0x00000000c4949b80, 0x00000000c4949c00, 0x00000000d16c0000)
 Metaspace       used 47868K, capacity 48920K, committed 49260K, reserved 1091584K
  class space    used 6717K, capacity 6930K, committed 7020K, reserved 1048576K
}

Deoptimization events (10 events):
Event: 543.271 Thread 0x0000000014665000 Uncommon trap: reason=unloaded action=reinterpret pc=0x0000000003bf10bc method=java.awt.LightweightDispatcher.retargetMouseEvent(Ljava/awt/Component;ILjava/awt/event/MouseEvent;)V @ 108
Event: 543.332 Thread 0x0000000014665000 Uncommon trap: reason=class_check action=maybe_recompile pc=0x00000000049dfbb0 method=java.awt.EventQueue.coalesceEvent(Ljava/awt/AWTEvent;I)Z @ 77
Event: 543.332 Thread 0x0000000014665000 Uncommon trap: reason=class_check action=maybe_recompile pc=0x0000000004c6e624 method=java.awt.LightweightDispatcher.dispatchEvent(Ljava/awt/AWTEvent;)Z @ 44
Event: 543.404 Thread 0x0000000014665000 Uncommon trap: reason=class_check action=maybe_recompile pc=0x00000000049dfbb0 method=java.awt.EventQueue.coalesceEvent(Ljava/awt/AWTEvent;I)Z @ 77
Event: 543.404 Thread 0x0000000014665000 Uncommon trap: reason=class_check action=maybe_recompile pc=0x0000000004c6e624 method=java.awt.LightweightDispatcher.dispatchEvent(Ljava/awt/AWTEvent;)Z @ 44
Event: 543.492 Thread 0x0000000014665000 Uncommon trap: reason=class_check action=maybe_recompile pc=0x00000000049dfbb0 method=java.awt.EventQueue.coalesceEvent(Ljava/awt/AWTEvent;I)Z @ 77
Event: 543.493 Thread 0x0000000014665000 Uncommon trap: reason=class_check action=maybe_recompile pc=0x0000000004c6e624 method=java.awt.LightweightDispatcher.dispatchEvent(Ljava/awt/AWTEvent;)Z @ 44
Event: 543.597 Thread 0x0000000014665000 Uncommon trap: reason=class_check action=maybe_recompile pc=0x000000000512d3a4 method=java.awt.EventQueue.coalesceEvent(Ljava/awt/AWTEvent;I)Z @ 77
Event: 543.637 Thread 0x0000000014665000 Uncommon trap: reason=class_check action=maybe_recompile pc=0x000000000518ddb0 method=java.awt.Component.dispatchEventImpl(Ljava/awt/AWTEvent;)V @ 473
Event: 543.637 Thread 0x0000000014665000 Uncommon trap: reason=class_check action=maybe_recompile pc=0x0000000005242554 method=java.awt.Component.processEvent(Ljava/awt/AWTEvent;)V @ 121

Internal exceptions (10 events):
Event: 211.744 Thread 0x0000000014665000 Implicit null exception at 0x00000000049a2412 to 0x00000000049a4ce9
Event: 241.459 Thread 0x0000000014665000 Implicit null exception at 0x0000000003a360fa to 0x0000000003a36149
Event: 247.494 Thread 0x0000000014665000 Exception <a 'java/security/PrivilegedActionException'> (0x00000000a6d9a7b0) thrown at [D:\re\workspace\8-2-build-windows-amd64-cygwin\jdk8u5\2488\hotspot\src\share\vm\prims\jvm.cpp, line 1248]
Event: 255.539 Thread 0x0000000014665000 Exception <a 'java/security/PrivilegedActionException'> (0x00000000a315a198) thrown at [D:\re\workspace\8-2-build-windows-amd64-cygwin\jdk8u5\2488\hotspot\src\share\vm\prims\jvm.cpp, line 1248]
Event: 255.540 Thread 0x0000000014665000 Exception <a 'java/security/PrivilegedActionException'> (0x00000000a31710d8) thrown at [D:\re\workspace\8-2-build-windows-amd64-cygwin\jdk8u5\2488\hotspot\src\share\vm\prims\jvm.cpp, line 1248]
Event: 255.541 Thread 0x0000000014665000 Exception <a 'java/security/PrivilegedActionException'> (0x00000000a31783c0) thrown at [D:\re\workspace\8-2-build-windows-amd64-cygwin\jdk8u5\2488\hotspot\src\share\vm\prims\jvm.cpp, line 1248]
Event: 255.542 Thread 0x0000000014665000 Exception <a 'java/security/PrivilegedActionException'> (0x00000000a3180478) thrown at [D:\re\workspace\8-2-build-windows-amd64-cygwin\jdk8u5\2488\hotspot\src\share\vm\prims\jvm.cpp, line 1248]
Event: 255.543 Thread 0x0000000014665000 Exception <a 'java/security/PrivilegedActionException'> (0x00000000a3186088) thrown at [D:\re\workspace\8-2-build-windows-amd64-cygwin\jdk8u5\2488\hotspot\src\share\vm\prims\jvm.cpp, line 1248]
Event: 255.555 Thread 0x0000000014665000 Implicit null exception at 0x000000000527a0ec to 0x000000000527adf5
Event: 255.565 Thread 0x0000000014665000 Exception <a 'java/security/PrivilegedActionException'> (0x00000000a334e820) thrown at [D:\re\workspace\8-2-build-windows-amd64-cygwin\jdk8u5\2488\hotspot\src\share\vm\prims\jvm.cpp, line 1248]

Events (10 events):
Event: 543.597 Thread 0x0000000014665000 Uncommon trap: trap_request=0xffffffde fr.pc=0x000000000512d3a4
Event: 543.597 Thread 0x0000000014665000 DEOPT PACKING pc=0x000000000512d3a4 sp=0x0000000019deece0
Event: 543.597 Thread 0x0000000014665000 DEOPT UNPACKING pc=0x00000000031055af sp=0x0000000019deec00 mode 2
Event: 543.637 Thread 0x0000000014665000 Uncommon trap: trap_request=0xffffffde fr.pc=0x000000000518ddb0
Event: 543.637 Thread 0x0000000014665000 DEOPT PACKING pc=0x000000000518ddb0 sp=0x0000000019ded0c0
Event: 543.637 Thread 0x0000000014665000 DEOPT UNPACKING pc=0x00000000031055af sp=0x0000000019ded0b8 mode 2
Event: 543.637 Thread 0x0000000014665000 Uncommon trap: trap_request=0xffffffde fr.pc=0x0000000005242554
Event: 543.637 Thread 0x0000000014665000 DEOPT PACKING pc=0x0000000005242554 sp=0x0000000019ded0a0
Event: 543.637 Thread 0x0000000014665000 DEOPT UNPACKING pc=0x00000000031055af sp=0x0000000019decfe0 mode 2
Event: 544.058 Thread 0x000000001326b800 flushing nmethod 0x00000000033e1dd0


Dynamic libraries:
0x00007ff639030000 - 0x00007ff639064000 	C:\intelfpga_lite\18.1\quartus\bin64\jre64\bin\java.exe
0x00007ffc87a30000 - 0x00007ffc87c25000 	C:\Windows\SYSTEM32\ntdll.dll
0x00007ffc86fb0000 - 0x00007ffc8706e000 	C:\Windows\System32\KERNEL32.DLL
0x00007ffc851b0000 - 0x00007ffc85478000 	C:\Windows\System32\KERNELBASE.dll
0x00007ffc82970000 - 0x00007ffc82a00000 	C:\Windows\SYSTEM32\apphelp.dll
0x00007ffc863a0000 - 0x00007ffc8644e000 	C:\Windows\System32\ADVAPI32.dll
0x00007ffc85ca0000 - 0x00007ffc85d3e000 	C:\Windows\System32\msvcrt.dll
0x00007ffc85d40000 - 0x00007ffc85ddc000 	C:\Windows\System32\sechost.dll
0x00007ffc866e0000 - 0x00007ffc86805000 	C:\Windows\System32\RPCRT4.dll
0x00007ffc86880000 - 0x00007ffc86a20000 	C:\Windows\System32\USER32.dll
0x00007ffc85780000 - 0x00007ffc857a2000 	C:\Windows\System32\win32u.dll
0x00007ffc87070000 - 0x00007ffc8709b000 	C:\Windows\System32\GDI32.dll
0x00007ffc85970000 - 0x00007ffc85a7d000 	C:\Windows\System32\gdi32full.dll
0x00007ffc85480000 - 0x00007ffc8551d000 	C:\Windows\System32\msvcp_win.dll
0x00007ffc85680000 - 0x00007ffc85780000 	C:\Windows\System32\ucrtbase.dll
0x00007ffc74710000 - 0x00007ffc749aa000 	C:\Windows\WinSxS\amd64_microsoft.windows.common-controls_6595b64144ccf1df_6.0.19041.1110_none_60b5254171f9507e\COMCTL32.dll
0x00007ffc870a0000 - 0x00007ffc870d0000 	C:\Windows\System32\IMM32.DLL
0x00000000735c0000 - 0x0000000073692000 	C:\intelfpga_lite\18.1\quartus\bin64\jre64\bin\msvcr100.dll
0x0000000072d90000 - 0x00000000735ba000 	C:\intelfpga_lite\18.1\quartus\bin64\jre64\bin\server\jvm.dll
0x00007ffc85b80000 - 0x00007ffc85b88000 	C:\Windows\System32\PSAPI.DLL
0x00007ffc705f0000 - 0x00007ffc705f9000 	C:\Windows\SYSTEM32\WSOCK32.dll
0x00007ffc7b170000 - 0x00007ffc7b197000 	C:\Windows\SYSTEM32\WINMM.dll
0x00007ffc86810000 - 0x00007ffc8687b000 	C:\Windows\System32\WS2_32.dll
0x0000000072d50000 - 0x0000000072d8f000 	C:\intelfpga_lite\18.1\quartus\bin64\jre64\bin\splashscreen.dll
0x00007ffc82b50000 - 0x00007ffc82bee000 	C:\Windows\system32\uxtheme.dll
0x00007ffc85df0000 - 0x00007ffc86145000 	C:\Windows\System32\combase.dll
0x0000000072d40000 - 0x0000000072d4f000 	C:\intelfpga_lite\18.1\quartus\bin64\jre64\bin\verify.dll
0x0000000072d10000 - 0x0000000072d38000 	C:\intelfpga_lite\18.1\quartus\bin64\jre64\bin\java.dll
0x00007ffc87820000 - 0x00007ffc87936000 	C:\Windows\System32\MSCTF.dll
0x00007ffc85a80000 - 0x00007ffc85b4d000 	C:\Windows\System32\OLEAUT32.dll
0x0000000072cf0000 - 0x0000000072d06000 	C:\intelfpga_lite\18.1\quartus\bin64\jre64\bin\zip.dll
0x00007ffc83030000 - 0x00007ffc83042000 	C:\Windows\SYSTEM32\kernel.appcore.dll
0x00007ffc85800000 - 0x00007ffc85882000 	C:\Windows\System32\bcryptPrimitives.dll
0x00007ffc7a4d0000 - 0x00007ffc7a5c9000 	C:\Windows\SYSTEM32\textinputframework.dll
0x00007ffc822f0000 - 0x00007ffc8264e000 	C:\Windows\System32\CoreUIComponents.dll
0x00007ffc82650000 - 0x00007ffc82742000 	C:\Windows\System32\CoreMessaging.dll
0x00007ffc86a80000 - 0x00007ffc86b2d000 	C:\Windows\System32\SHCORE.dll
0x00007ffc83e30000 - 0x00007ffc83e63000 	C:\Windows\SYSTEM32\ntmarta.dll
0x00007ffc80f90000 - 0x00007ffc810e4000 	C:\Windows\SYSTEM32\wintypes.dll
0x00007ffc870d0000 - 0x00007ffc87814000 	C:\Windows\System32\SHELL32.dll
0x00007ffc83230000 - 0x00007ffc839c4000 	C:\Windows\SYSTEM32\windows.storage.dll
0x00007ffc84ac0000 - 0x00007ffc84aee000 	C:\Windows\SYSTEM32\Wldp.dll
0x00007ffc86a20000 - 0x00007ffc86a75000 	C:\Windows\System32\shlwapi.dll
0x00007ffc85080000 - 0x00007ffc8509f000 	C:\Windows\SYSTEM32\profapi.dll
0x0000000072b50000 - 0x0000000072ce6000 	C:\intelFPGA_lite\18.1\quartus\bin64\jre64\bin\awt.dll
0x00007ffc86210000 - 0x00007ffc8633a000 	C:\Windows\System32\ole32.dll
0x00007ffc82e50000 - 0x00007ffc82e7f000 	C:\Windows\system32\DWMAPI.DLL
0x00007ffc84a10000 - 0x00007ffc84a28000 	C:\Windows\SYSTEM32\CRYPTSP.dll
0x00007ffc841a0000 - 0x00007ffc841d4000 	C:\Windows\system32\rsaenh.dll
0x00007ffc85940000 - 0x00007ffc85967000 	C:\Windows\System32\bcrypt.dll
0x00007ffc85040000 - 0x00007ffc8506e000 	C:\Windows\SYSTEM32\USERENV.dll
0x00007ffc84a30000 - 0x00007ffc84a3c000 	C:\Windows\SYSTEM32\CRYPTBASE.dll
0x0000000072b30000 - 0x0000000072b4a000 	C:\intelFPGA_lite\18.1\quartus\bin64\jre64\bin\net.dll
0x00007ffc84820000 - 0x00007ffc8488a000 	C:\Windows\system32\mswsock.dll
0x00007ffc84510000 - 0x00007ffc8454b000 	C:\Windows\SYSTEM32\IPHLPAPI.DLL
0x00007ffc85b50000 - 0x00007ffc85b58000 	C:\Windows\System32\NSI.dll
0x00007ffc7c7d0000 - 0x00007ffc7c7e7000 	C:\Windows\SYSTEM32\dhcpcsvc6.DLL
0x00007ffc7d0d0000 - 0x00007ffc7d0ed000 	C:\Windows\SYSTEM32\dhcpcsvc.DLL
0x00007ffc84550000 - 0x00007ffc8461b000 	C:\Windows\SYSTEM32\DNSAPI.dll
0x0000000072b10000 - 0x0000000072b21000 	C:\intelFPGA_lite\18.1\quartus\bin64\jre64\bin\nio.dll
0x00007ffc7fd50000 - 0x00007ffc7fd56000 	C:\intelFPGA_lite\18.1\quartus\bin64\sld_utiljni.dll
0x00007ffc724a0000 - 0x00007ffc7258f000 	C:\intelFPGA_lite\18.1\quartus\bin64\MSVCR120.dll
0x0000000074800000 - 0x0000000074987000 	C:\intelFPGA_lite\18.1\quartus\bin64\tcl86.dll
0x00007ffc708b0000 - 0x00007ffc708c9000 	C:\Windows\SYSTEM32\NETAPI32.dll
0x00007ffc84620000 - 0x00007ffc8462c000 	C:\Windows\SYSTEM32\NETUTILS.DLL
0x00007ffc738e0000 - 0x00007ffc738f9000 	C:\Windows\SYSTEM32\SAMCLI.DLL
0x00007ffc84630000 - 0x00007ffc84674000 	C:\Windows\SYSTEM32\LOGONCLI.DLL
0x00007ffc70a20000 - 0x00007ffc70ae0000 	C:\intelFPGA_lite\18.1\quartus\bin64\ccl_sqlite3.dll
0x00007ffc7f9a0000 - 0x00007ffc7f9b0000 	C:\intelFPGA_lite\18.1\quartus\bin64\ccl_sqlite3_jdbc_jni_bridge.dll
0x00007ffc4c750000 - 0x00007ffc4c920000 	C:\Windows\system32\d3d9.dll
0x00007ffc7ada0000 - 0x00007ffc7af80000 	C:\Windows\System32\DriverStore\FileRepository\u0348578.inf_amd64_c955a7a452d1bf20\B348746\aticfx64.dll
0x00007ffc7afd0000 - 0x00007ffc7afda000 	C:\Windows\SYSTEM32\VERSION.dll
0x00007ffc49660000 - 0x00007ffc4c126000 	C:\Windows\System32\DriverStore\FileRepository\u0348578.inf_amd64_c955a7a452d1bf20\B348746\amdxn64.dll
0x00007ffc7b100000 - 0x00007ffc7b12b000 	C:\Windows\SYSTEM32\amdihk64.dll
0x00007ffc7c310000 - 0x00007ffc7c34b000 	C:\Windows\SYSTEM32\dxcore.dll
0x00007ffc857b0000 - 0x00007ffc857fe000 	C:\Windows\System32\cfgmgr32.dll
0x0000000072ac0000 - 0x0000000072b07000 	C:\intelFPGA_lite\18.1\quartus\bin64\jre64\bin\fontmanager.dll
0x00007ffc7f510000 - 0x00007ffc7f5c0000 	C:\Windows\WinSxS\amd64_microsoft.windows.common-controls_6595b64144ccf1df_5.82.19041.1110_none_792d1c772443f647\comctl32.dll
0x0000000072a70000 - 0x0000000072ab1000 	C:\intelFPGA_lite\18.1\quartus\bin64\jre64\bin\t2k.dll
0x0000000014810000 - 0x0000000014a63000 	C:\intelFPGA_lite\18.1\quartus\bin64\nlview.dll
0x00007ffc86600000 - 0x00007ffc866da000 	C:\Windows\System32\comdlg32.dll
0x00007ffc66b20000 - 0x00007ffc66bb5000 	C:\Windows\SYSTEM32\WINSPOOL.DRV
0x00007ffc87940000 - 0x00007ffc879e9000 	C:\Windows\System32\clbcatq.dll
0x00007ffc7d6d0000 - 0x00007ffc7d884000 	C:\Windows\SYSTEM32\WindowsCodecs.dll
0x00007ffc66870000 - 0x00007ffc668ae000 	C:\Windows\system32\dataexchange.dll
0x00007ffc81550000 - 0x00007ffc817b4000 	C:\Windows\system32\d3d11.dll
0x00007ffc81d80000 - 0x00007ffc81f65000 	C:\Windows\system32\dcomp.dll
0x00007ffc83b50000 - 0x00007ffc83c44000 	C:\Windows\system32\dxgi.dll
0x00007ffc7e0a0000 - 0x00007ffc7e2a1000 	C:\Windows\system32\twinapi.appcore.dll
0x00007ffc80b80000 - 0x00007ffc80c76000 	C:\Windows\system32\propsys.dll
0x00007ffc53300000 - 0x00007ffc53317000 	C:\Windows\system32\NetworkExplorer.dll
0x00007ffc66510000 - 0x00007ffc66576000 	C:\Windows\System32\thumbcache.dll
0x00007ffc70e10000 - 0x00007ffc70e2d000 	C:\Windows\SYSTEM32\MPR.dll
0x00007ffc7f990000 - 0x00007ffc7f99b000 	C:\Windows\System32\drprov.dll
0x00007ffc84e80000 - 0x00007ffc84eda000 	C:\Windows\System32\WINSTA.dll
0x00007ffc5a180000 - 0x00007ffc5a1a1000 	C:\Windows\System32\ntlanman.dll
0x00007ffc61720000 - 0x00007ffc6173e000 	C:\Windows\System32\davclnt.dll
0x00007ffc7f980000 - 0x00007ffc7f98d000 	C:\Windows\System32\DAVHLPR.dll
0x00007ffc842c0000 - 0x00007ffc842d9000 	C:\Windows\System32\wkscli.dll
0x00007ffc62c60000 - 0x00007ffc62c72000 	C:\Windows\SYSTEM32\cscapi.dll
0x00007ffc20ce0000 - 0x00007ffc20d36000 	C:\Windows\System32\dlnashext.dll
0x00007ffc7dfe0000 - 0x00007ffc7e044000 	C:\Windows\System32\PlayToDevice.dll
0x00007ffc72a60000 - 0x00007ffc72a80000 	C:\Windows\System32\DevDispItemProvider.dll
0x00007ffc7ce30000 - 0x00007ffc7ceb5000 	C:\Windows\System32\MMDevApi.dll
0x00007ffc84e10000 - 0x00007ffc84e44000 	C:\Windows\System32\DEVOBJ.dll
0x00007ffc7df30000 - 0x00007ffc7dfd1000 	C:\Windows\system32\wpdshext.dll
0x00007ffc7e670000 - 0x00007ffc7e819000 	C:\Windows\WinSxS\amd64_microsoft.windows.gdiplus_6595b64144ccf1df_1.1.19041.1466_none_91a4907ccc87e3b8\gdiplus.dll
0x00007ffc7ee90000 - 0x00007ffc7ef33000 	C:\Windows\System32\PortableDeviceApi.dll
0x00007ffc86b30000 - 0x00007ffc86fa2000 	C:\Windows\System32\SETUPAPI.dll
0x00007ffc85140000 - 0x00007ffc851a9000 	C:\Windows\System32\WINTRUST.dll
0x00007ffc85520000 - 0x00007ffc85676000 	C:\Windows\System32\CRYPT32.dll
0x00007ffc84c50000 - 0x00007ffc84c62000 	C:\Windows\System32\MSASN1.dll
0x00007ffc62430000 - 0x00007ffc62467000 	C:\Windows\System32\EhStorShell.dll
0x00007ffc7fcd0000 - 0x00007ffc7fcf6000 	C:\Windows\System32\EhStorAPI.dll
0x00007ffc80e30000 - 0x00007ffc80e44000 	C:\Windows\System32\WTSAPI32.dll
0x00007ffc66860000 - 0x00007ffc6686d000 	C:\Windows\SYSTEM32\LINKINFO.dll
0x00007ffc6ac10000 - 0x00007ffc6ac1c000 	C:\Windows\SYSTEM32\Secur32.dll
0x00007ffc85000000 - 0x00007ffc85031000 	C:\Windows\SYSTEM32\SSPICLI.DLL
0x00007ffc80dd0000 - 0x00007ffc80df7000 	C:\Windows\SYSTEM32\SAMLIB.dll
0x00007ffc20dc0000 - 0x00007ffc20f8b000 	C:\intelFPGA_lite\18.1\quartus\bin64\sld_filejni.dll
0x00007ffc607c0000 - 0x00007ffc607c9000 	C:\intelFPGA_lite\18.1\quartus\bin64\tcl_jni_bridge.dll
0x0000000072a40000 - 0x0000000072a6a000 	C:\intelFPGA_lite\18.1\quartus\bin64\jre64\bin\dcpr.dll
0x00007ffc7e930000 - 0x00007ffc7e99a000 	C:\Windows\system32\Ninput.dll
0x00007ffc70e70000 - 0x00007ffc70ff8000 	C:\intelFPGA_lite\18.1\quartus\bin64\dbghelp.dll

VM Arguments:
jvm_args: -Xmx1500M -XX:+UseSerialGC 
java_command: com.altera.ipedit.QsysEditorApp --project-dir=C:/intelFPGA_lite/18.1/lab6/ --family=MAX 10 --part=10M50DAF484C7G --host-controller
java_class_path (initial): C:/intelfpga_lite/18.1/quartus/sopc_builder/model/lib\Nlview.jar;C:/intelfpga_lite/18.1/quartus/sopc_builder/model/lib\QuickServer.jar;C:/intelfpga_lite/18.1/quartus/sopc_builder/model/lib\TableLayout.jar;C:/intelfpga_lite/18.1/quartus/sopc_builder/model/lib\appframework-1.03.jar;C:/intelfpga_lite/18.1/quartus/sopc_builder/model/lib\asm-3.1.jar;C:/intelfpga_lite/18.1/quartus/sopc_builder/model/lib\asm-commons-3.1.jar;C:/intelfpga_lite/18.1/quartus/sopc_builder/model/lib\basicmodel.jar;C:/intelfpga_lite/18.1/quartus/sopc_builder/model/lib\beansbinding-1.2.1.jar;C:/intelfpga_lite/18.1/quartus/sopc_builder/model/lib\binding-2.0.6.jar;C:/intelfpga_lite/18.1/quartus/sopc_builder/model/lib\com.altera.componenteditor2.jar;C:/intelfpga_lite/18.1/quartus/sopc_builder/model/lib\com.altera.embeddedsw.app_lib.jar;C:/intelfpga_lite/18.1/quartus/sopc_builder/model/lib\com.altera.embeddedsw.bsp.editor.jar;C:/intelfpga_lite/18.1/quartus/sopc_builder/model/lib\com.altera.embeddedsw.bsp.elements.jar;C:/intelfpga_lite/18.1/quartus/sopc_builder/model/lib\com.altera.embeddedsw.bsp.jar;C:/intelfpga_lite/18.1/quartus/sopc_builder/model/lib\com.altera.embeddedsw.bsp.plugin.core.jar;C:/intelfpga_lite/18.1/quartus/sopc_builder/model/lib\com.altera.embeddedsw.bsp.plugin.hal.jar;C:/intelfpga_lite/18.1/quartus/sopc_builder/model/lib\com.altera.embeddedsw.bsp.plugin.lwhal.jar;C:/intelfpga_lite/18.1/quartus/sopc_builder/model/lib\com.altera.embeddedsw.bsp.schema.jar;C:/intelfpga_lite/18.1/quartus/sopc_builder/model/lib\com.altera.embeddedsw.bsp.scripting.jar;C:/intelfpga_lite/18.1/quartus/sopc_builder/model/lib\com.altera.embeddedsw.commandline.jar;C:/intelfpga_lite/18.1/quartus/sopc_builder/model/lib\com.altera.embeddedsw.cpexample.jar;C:/intelfpga_lite/18.1/quartus/sopc_builder/model/lib\com.altera.embeddedsw.flash.jar;C:/intelfpga_lite/18.1/quartus/sopc_builder/model/lib\com.altera.embeddedsw.launch.jar;C:/intelfpga_lite/18.1/quartus/sopc_builder/model/lib\com.alte
Launcher Type: SUN_STANDARD

Environment Variables:
PATH=C:/intelfpga_lite/18.1/quartus/bin64;c:\intelfpga_lite\18.1\quartus\bin64\;C:\Program Files (x86)\Intel\Intel(R) Management Engine Components\iCLS\;C:\Program Files\Intel\Intel(R) Management Engine Components\iCLS\;C:\Windows\system32;C:\Windows;C:\Windows\System32\Wbem;C:\Windows\System32\WindowsPowerShell\v1.0\;C:\Windows\System32\OpenSSH\;C:\Users\Ajosh\AppData\Local\Microsoft\WindowsApps;;C:\intelFPGA\18.1\modelsim_ase\win32aloem;C:\intelFPGA_lite\18.1\modelsim_ase\win32aloem
USERNAME=Ajosh
OS=Windows_NT
PROCESSOR_IDENTIFIER=Intel64 Family 6 Model 158 Stepping 10, GenuineIntel



---------------  S Y S T E M  ---------------

OS: Windows 8.1 , 64 bit Build 9600 

CPU:total 12 (6 cores per cpu, 2 threads per core) family 6 model 158 stepping 10, cmov, cx8, fxsr, mmx, sse, sse2, sse3, ssse3, sse4.1, sse4.2, popcnt, avx, avx2, aes, clmul, erms, ht, tsc, tscinvbit

Memory: 4k page, physical 16668844k(478492k free), swap 38758952k(1416k free)

vm_info: Java HotSpot(TM) 64-Bit Server VM (25.5-b02) for windows-amd64 JRE (1.8.0_05-b13), built on Mar 18 2014 01:08:39 by "java_re" with MS VC++ 10.0 (VS2010)

time: Tue Mar 08 15:15:14 2022
elapsed time: 544 seconds

